2017-02-13 22:00:27 [scrapy.utils.log] INFO: Scrapy 1.3.1 started (bot: Recruit)
2017-02-13 22:00:27 [scrapy.utils.log] INFO: Overridden settings: {'NEWSPIDER_MODULE': 'Recruit.spiders', 'LOG_FILE': 'logfile.log', 'FEED_FORMAT': 'json', 'BOT_NAME': 'Recruit', 'SPIDER_MODULES': ['Recruit.spiders'], 'ROBOTSTXT_OBEY': True, 'FEED_URI': 'item.json', 'LOG_LEVEL': 20}
2017-02-13 22:00:27 [scrapy.middleware] INFO: Enabled extensions:
['scrapy.extensions.telnet.TelnetConsole',
 'scrapy.extensions.corestats.CoreStats',
 'scrapy.extensions.logstats.LogStats',
 'scrapy.extensions.feedexport.FeedExporter']
2017-02-13 22:00:29 [scrapy.middleware] INFO: Enabled downloader middlewares:
['scrapy.downloadermiddlewares.robotstxt.RobotsTxtMiddleware',
 'scrapy.downloadermiddlewares.httpauth.HttpAuthMiddleware',
 'scrapy.downloadermiddlewares.downloadtimeout.DownloadTimeoutMiddleware',
 'scrapy.downloadermiddlewares.defaultheaders.DefaultHeadersMiddleware',
 'scrapy.downloadermiddlewares.useragent.UserAgentMiddleware',
 'scrapy.downloadermiddlewares.retry.RetryMiddleware',
 'scrapy.downloadermiddlewares.redirect.MetaRefreshMiddleware',
 'scrapy.downloadermiddlewares.httpcompression.HttpCompressionMiddleware',
 'scrapy.downloadermiddlewares.redirect.RedirectMiddleware',
 'scrapy.downloadermiddlewares.cookies.CookiesMiddleware',
 'scrapy.downloadermiddlewares.stats.DownloaderStats']
2017-02-13 22:00:29 [scrapy.middleware] INFO: Enabled spider middlewares:
['scrapy.spidermiddlewares.httperror.HttpErrorMiddleware',
 'scrapy.spidermiddlewares.offsite.OffsiteMiddleware',
 'scrapy.spidermiddlewares.referer.RefererMiddleware',
 'scrapy.spidermiddlewares.urllength.UrlLengthMiddleware',
 'scrapy.spidermiddlewares.depth.DepthMiddleware']
2017-02-13 22:00:29 [scrapy.middleware] INFO: Enabled item pipelines:
[]
2017-02-13 22:00:29 [scrapy.core.engine] INFO: Spider opened
2017-02-13 22:00:29 [scrapy.extensions.logstats] INFO: Crawled 0 pages (at 0 pages/min), scraped 0 items (at 0 items/min)
2017-02-13 22:00:51 [scrapy.core.engine] INFO: Closing spider (finished)
2017-02-13 22:00:51 [scrapy.extensions.feedexport] INFO: Stored json feed (10 items) in: item.json
2017-02-13 22:00:51 [scrapy.statscollectors] INFO: Dumping Scrapy stats:
{'downloader/request_bytes': 737,
 'downloader/request_count': 2,
 'downloader/request_method_count/GET': 2,
 'downloader/response_bytes': 13056,
 'downloader/response_count': 2,
 'downloader/response_status_count/200': 2,
 'finish_reason': 'finished',
 'finish_time': datetime.datetime(2017, 2, 13, 13, 0, 51, 856867),
 'item_scraped_count': 10,
 'log_count/INFO': 8,
 'response_received_count': 2,
 'scheduler/dequeued': 1,
 'scheduler/dequeued/memory': 1,
 'scheduler/enqueued': 1,
 'scheduler/enqueued/memory': 1,
 'start_time': datetime.datetime(2017, 2, 13, 13, 0, 29, 844040)}
2017-02-13 22:00:51 [scrapy.core.engine] INFO: Spider closed (finished)
2017-02-13 22:14:35 [scrapy.utils.log] INFO: Scrapy 1.3.1 started (bot: Recruit)
2017-02-13 22:14:35 [scrapy.utils.log] INFO: Overridden settings: {'BOT_NAME': 'Recruit', 'SPIDER_MODULES': ['Recruit.spiders'], 'NEWSPIDER_MODULE': 'Recruit.spiders', 'LOG_LEVEL': 20, 'FEED_FORMAT': 'json', 'LOG_FILE': 'logfile.log', 'ROBOTSTXT_OBEY': True, 'FEED_URI': 'item.json'}
2017-02-13 22:14:35 [scrapy.middleware] INFO: Enabled extensions:
['scrapy.extensions.feedexport.FeedExporter',
 'scrapy.extensions.corestats.CoreStats',
 'scrapy.extensions.logstats.LogStats',
 'scrapy.extensions.telnet.TelnetConsole']
2017-02-13 22:14:38 [scrapy.middleware] INFO: Enabled downloader middlewares:
['scrapy.downloadermiddlewares.robotstxt.RobotsTxtMiddleware',
 'scrapy.downloadermiddlewares.httpauth.HttpAuthMiddleware',
 'scrapy.downloadermiddlewares.downloadtimeout.DownloadTimeoutMiddleware',
 'scrapy.downloadermiddlewares.defaultheaders.DefaultHeadersMiddleware',
 'scrapy.downloadermiddlewares.useragent.UserAgentMiddleware',
 'scrapy.downloadermiddlewares.retry.RetryMiddleware',
 'scrapy.downloadermiddlewares.redirect.MetaRefreshMiddleware',
 'scrapy.downloadermiddlewares.httpcompression.HttpCompressionMiddleware',
 'scrapy.downloadermiddlewares.redirect.RedirectMiddleware',
 'scrapy.downloadermiddlewares.cookies.CookiesMiddleware',
 'scrapy.downloadermiddlewares.stats.DownloaderStats']
2017-02-13 22:14:38 [scrapy.middleware] INFO: Enabled spider middlewares:
['scrapy.spidermiddlewares.httperror.HttpErrorMiddleware',
 'scrapy.spidermiddlewares.offsite.OffsiteMiddleware',
 'scrapy.spidermiddlewares.referer.RefererMiddleware',
 'scrapy.spidermiddlewares.urllength.UrlLengthMiddleware',
 'scrapy.spidermiddlewares.depth.DepthMiddleware']
2017-02-13 22:14:38 [scrapy.middleware] INFO: Enabled item pipelines:
[]
2017-02-13 22:14:38 [scrapy.core.engine] INFO: Spider opened
2017-02-13 22:14:38 [scrapy.extensions.logstats] INFO: Crawled 0 pages (at 0 pages/min), scraped 0 items (at 0 items/min)
2017-02-13 22:14:59 [scrapy.core.engine] INFO: Closing spider (finished)
2017-02-13 22:14:59 [scrapy.extensions.feedexport] INFO: Stored json feed (10 items) in: item.json
2017-02-13 22:14:59 [scrapy.statscollectors] INFO: Dumping Scrapy stats:
{'downloader/request_bytes': 737,
 'downloader/request_count': 2,
 'downloader/request_method_count/GET': 2,
 'downloader/response_bytes': 13056,
 'downloader/response_count': 2,
 'downloader/response_status_count/200': 2,
 'finish_reason': 'finished',
 'finish_time': datetime.datetime(2017, 2, 13, 13, 14, 59, 836592),
 'item_scraped_count': 10,
 'log_count/INFO': 8,
 'response_received_count': 2,
 'scheduler/dequeued': 1,
 'scheduler/dequeued/memory': 1,
 'scheduler/enqueued': 1,
 'scheduler/enqueued/memory': 1,
 'start_time': datetime.datetime(2017, 2, 13, 13, 14, 38, 151931)}
2017-02-13 22:14:59 [scrapy.core.engine] INFO: Spider closed (finished)
2017-02-13 22:16:28 [scrapy.utils.log] INFO: Scrapy 1.3.1 started (bot: Recruit)
2017-02-13 22:16:28 [scrapy.utils.log] INFO: Overridden settings: {'NEWSPIDER_MODULE': 'Recruit.spiders', 'FEED_URI': 'item.json', 'BOT_NAME': 'Recruit', 'FEED_FORMAT': 'json', 'SPIDER_MODULES': ['Recruit.spiders'], 'ROBOTSTXT_OBEY': True, 'LOG_LEVEL': 20, 'LOG_FILE': 'logfile.log'}
2017-02-13 22:16:28 [scrapy.middleware] INFO: Enabled extensions:
['scrapy.extensions.telnet.TelnetConsole',
 'scrapy.extensions.feedexport.FeedExporter',
 'scrapy.extensions.corestats.CoreStats',
 'scrapy.extensions.logstats.LogStats']
2017-02-13 22:16:30 [scrapy.middleware] INFO: Enabled downloader middlewares:
['scrapy.downloadermiddlewares.robotstxt.RobotsTxtMiddleware',
 'scrapy.downloadermiddlewares.httpauth.HttpAuthMiddleware',
 'scrapy.downloadermiddlewares.downloadtimeout.DownloadTimeoutMiddleware',
 'scrapy.downloadermiddlewares.defaultheaders.DefaultHeadersMiddleware',
 'scrapy.downloadermiddlewares.useragent.UserAgentMiddleware',
 'scrapy.downloadermiddlewares.retry.RetryMiddleware',
 'scrapy.downloadermiddlewares.redirect.MetaRefreshMiddleware',
 'scrapy.downloadermiddlewares.httpcompression.HttpCompressionMiddleware',
 'scrapy.downloadermiddlewares.redirect.RedirectMiddleware',
 'scrapy.downloadermiddlewares.cookies.CookiesMiddleware',
 'scrapy.downloadermiddlewares.stats.DownloaderStats']
2017-02-13 22:16:30 [scrapy.middleware] INFO: Enabled spider middlewares:
['scrapy.spidermiddlewares.httperror.HttpErrorMiddleware',
 'scrapy.spidermiddlewares.offsite.OffsiteMiddleware',
 'scrapy.spidermiddlewares.referer.RefererMiddleware',
 'scrapy.spidermiddlewares.urllength.UrlLengthMiddleware',
 'scrapy.spidermiddlewares.depth.DepthMiddleware']
2017-02-13 22:16:30 [scrapy.middleware] INFO: Enabled item pipelines:
[]
2017-02-13 22:16:30 [scrapy.core.engine] INFO: Spider opened
2017-02-13 22:16:30 [scrapy.extensions.logstats] INFO: Crawled 0 pages (at 0 pages/min), scraped 0 items (at 0 items/min)
2017-02-13 22:16:53 [scrapy.core.scraper] ERROR: Spider error processing <GET https://recruit.daou.co.kr/?S_DSCLASS=biz.rem.apply.applicant.Apply_list&S_DSMETHOD=search01&S_PAGE_NO=1&S_PAGE_CNT=1&S_FORWARD=xsheetResultXML%20%20%20%20&S_MENU_TYPE=2&S_TOP_TYPE=2&S_ANN_TYPE=&S_ANN_SEQ_NO=&indexLeft_menu2=0&S_C_CD=10&S_RE_NO=&S_APPL_NO=&S_WEB_TYPE=> (referer: None)
Traceback (most recent call last):
  File "//anaconda/lib/python3.5/site-packages/scrapy/utils/defer.py", line 102, in iter_errback
    yield next(it)
  File "//anaconda/lib/python3.5/site-packages/scrapy/spidermiddlewares/offsite.py", line 29, in process_spider_output
    for x in result:
  File "//anaconda/lib/python3.5/site-packages/scrapy/spidermiddlewares/referer.py", line 22, in <genexpr>
    return (_set_referer(r) for r in result or ())
  File "//anaconda/lib/python3.5/site-packages/scrapy/spidermiddlewares/urllength.py", line 37, in <genexpr>
    return (r for r in result or () if _filter(r))
  File "//anaconda/lib/python3.5/site-packages/scrapy/spidermiddlewares/depth.py", line 58, in <genexpr>
    return (r for r in result or () if _filter(r))
  File "/Users/thyun.ahn/Recruit/Recruit/spiders/recruitSpider.py", line 43, in parse_daou
    item['title']  = sel.xpath("//td[@class='alignL']/a/text()").extract()[i]
NameError: name 'i' is not defined
2017-02-13 22:16:53 [scrapy.core.engine] INFO: Closing spider (finished)
2017-02-13 22:16:53 [scrapy.statscollectors] INFO: Dumping Scrapy stats:
{'downloader/request_bytes': 737,
 'downloader/request_count': 2,
 'downloader/request_method_count/GET': 2,
 'downloader/response_bytes': 13056,
 'downloader/response_count': 2,
 'downloader/response_status_count/200': 2,
 'finish_reason': 'finished',
 'finish_time': datetime.datetime(2017, 2, 13, 13, 16, 53, 192877),
 'log_count/ERROR': 1,
 'log_count/INFO': 7,
 'response_received_count': 2,
 'scheduler/dequeued': 1,
 'scheduler/dequeued/memory': 1,
 'scheduler/enqueued': 1,
 'scheduler/enqueued/memory': 1,
 'spider_exceptions/NameError': 1,
 'start_time': datetime.datetime(2017, 2, 13, 13, 16, 30, 833374)}
2017-02-13 22:16:53 [scrapy.core.engine] INFO: Spider closed (finished)
2017-02-13 22:19:17 [scrapy.utils.log] INFO: Scrapy 1.3.1 started (bot: Recruit)
2017-02-13 22:19:17 [scrapy.utils.log] INFO: Overridden settings: {'FEED_FORMAT': 'json', 'BOT_NAME': 'Recruit', 'LOG_FILE': 'logfile.log', 'ROBOTSTXT_OBEY': True, 'FEED_URI': 'item.json', 'SPIDER_MODULES': ['Recruit.spiders'], 'LOG_LEVEL': 20, 'NEWSPIDER_MODULE': 'Recruit.spiders'}
2017-02-13 22:19:17 [scrapy.middleware] INFO: Enabled extensions:
['scrapy.extensions.corestats.CoreStats',
 'scrapy.extensions.telnet.TelnetConsole',
 'scrapy.extensions.feedexport.FeedExporter',
 'scrapy.extensions.logstats.LogStats']
2017-02-13 22:19:19 [scrapy.middleware] INFO: Enabled downloader middlewares:
['scrapy.downloadermiddlewares.robotstxt.RobotsTxtMiddleware',
 'scrapy.downloadermiddlewares.httpauth.HttpAuthMiddleware',
 'scrapy.downloadermiddlewares.downloadtimeout.DownloadTimeoutMiddleware',
 'scrapy.downloadermiddlewares.defaultheaders.DefaultHeadersMiddleware',
 'scrapy.downloadermiddlewares.useragent.UserAgentMiddleware',
 'scrapy.downloadermiddlewares.retry.RetryMiddleware',
 'scrapy.downloadermiddlewares.redirect.MetaRefreshMiddleware',
 'scrapy.downloadermiddlewares.httpcompression.HttpCompressionMiddleware',
 'scrapy.downloadermiddlewares.redirect.RedirectMiddleware',
 'scrapy.downloadermiddlewares.cookies.CookiesMiddleware',
 'scrapy.downloadermiddlewares.stats.DownloaderStats']
2017-02-13 22:19:19 [scrapy.middleware] INFO: Enabled spider middlewares:
['scrapy.spidermiddlewares.httperror.HttpErrorMiddleware',
 'scrapy.spidermiddlewares.offsite.OffsiteMiddleware',
 'scrapy.spidermiddlewares.referer.RefererMiddleware',
 'scrapy.spidermiddlewares.urllength.UrlLengthMiddleware',
 'scrapy.spidermiddlewares.depth.DepthMiddleware']
2017-02-13 22:19:19 [scrapy.middleware] INFO: Enabled item pipelines:
[]
2017-02-13 22:19:19 [scrapy.core.engine] INFO: Spider opened
2017-02-13 22:19:19 [scrapy.extensions.logstats] INFO: Crawled 0 pages (at 0 pages/min), scraped 0 items (at 0 items/min)
2017-02-13 22:19:26 [scrapy.core.engine] INFO: Closing spider (finished)
2017-02-13 22:19:26 [scrapy.extensions.feedexport] INFO: Stored json feed (10 items) in: item.json
2017-02-13 22:19:26 [scrapy.statscollectors] INFO: Dumping Scrapy stats:
{'downloader/request_bytes': 737,
 'downloader/request_count': 2,
 'downloader/request_method_count/GET': 2,
 'downloader/response_bytes': 13056,
 'downloader/response_count': 2,
 'downloader/response_status_count/200': 2,
 'finish_reason': 'finished',
 'finish_time': datetime.datetime(2017, 2, 13, 13, 19, 26, 546523),
 'item_scraped_count': 10,
 'log_count/INFO': 8,
 'response_received_count': 2,
 'scheduler/dequeued': 1,
 'scheduler/dequeued/memory': 1,
 'scheduler/enqueued': 1,
 'scheduler/enqueued/memory': 1,
 'start_time': datetime.datetime(2017, 2, 13, 13, 19, 19, 793442)}
2017-02-13 22:19:26 [scrapy.core.engine] INFO: Spider closed (finished)
2017-02-13 22:20:09 [scrapy.utils.log] INFO: Scrapy 1.3.1 started (bot: Recruit)
2017-02-13 22:20:09 [scrapy.utils.log] INFO: Overridden settings: {'LOG_FILE': 'logfile.log', 'LOG_LEVEL': 20, 'SPIDER_MODULES': ['Recruit.spiders'], 'NEWSPIDER_MODULE': 'Recruit.spiders', 'FEED_URI': 'item.json', 'ROBOTSTXT_OBEY': True, 'BOT_NAME': 'Recruit', 'FEED_FORMAT': 'json'}
2017-02-13 22:20:09 [scrapy.middleware] INFO: Enabled extensions:
['scrapy.extensions.corestats.CoreStats',
 'scrapy.extensions.telnet.TelnetConsole',
 'scrapy.extensions.feedexport.FeedExporter',
 'scrapy.extensions.logstats.LogStats']
2017-02-13 22:20:11 [scrapy.middleware] INFO: Enabled downloader middlewares:
['scrapy.downloadermiddlewares.robotstxt.RobotsTxtMiddleware',
 'scrapy.downloadermiddlewares.httpauth.HttpAuthMiddleware',
 'scrapy.downloadermiddlewares.downloadtimeout.DownloadTimeoutMiddleware',
 'scrapy.downloadermiddlewares.defaultheaders.DefaultHeadersMiddleware',
 'scrapy.downloadermiddlewares.useragent.UserAgentMiddleware',
 'scrapy.downloadermiddlewares.retry.RetryMiddleware',
 'scrapy.downloadermiddlewares.redirect.MetaRefreshMiddleware',
 'scrapy.downloadermiddlewares.httpcompression.HttpCompressionMiddleware',
 'scrapy.downloadermiddlewares.redirect.RedirectMiddleware',
 'scrapy.downloadermiddlewares.cookies.CookiesMiddleware',
 'scrapy.downloadermiddlewares.stats.DownloaderStats']
2017-02-13 22:20:11 [scrapy.middleware] INFO: Enabled spider middlewares:
['scrapy.spidermiddlewares.httperror.HttpErrorMiddleware',
 'scrapy.spidermiddlewares.offsite.OffsiteMiddleware',
 'scrapy.spidermiddlewares.referer.RefererMiddleware',
 'scrapy.spidermiddlewares.urllength.UrlLengthMiddleware',
 'scrapy.spidermiddlewares.depth.DepthMiddleware']
2017-02-13 22:20:11 [scrapy.middleware] INFO: Enabled item pipelines:
[]
2017-02-13 22:20:11 [scrapy.core.engine] INFO: Spider opened
2017-02-13 22:20:11 [scrapy.extensions.logstats] INFO: Crawled 0 pages (at 0 pages/min), scraped 0 items (at 0 items/min)
2017-02-13 22:21:22 [scrapy.crawler] INFO: Received SIG_UNBLOCK, shutting down gracefully. Send again to force 
2017-02-13 22:21:22 [scrapy.core.scraper] ERROR: Spider error processing <GET https://recruit.daou.co.kr/?S_DSCLASS=biz.rem.apply.applicant.Apply_list&S_DSMETHOD=search01&S_PAGE_NO=1&S_PAGE_CNT=1&S_FORWARD=xsheetResultXML%20%20%20%20&S_MENU_TYPE=2&S_TOP_TYPE=2&S_ANN_TYPE=&S_ANN_SEQ_NO=&indexLeft_menu2=0&S_C_CD=10&S_RE_NO=&S_APPL_NO=&S_WEB_TYPE=> (referer: None)
Traceback (most recent call last):
  File "//anaconda/lib/python3.5/site-packages/scrapy/utils/defer.py", line 102, in iter_errback
    yield next(it)
  File "//anaconda/lib/python3.5/site-packages/scrapy/spidermiddlewares/offsite.py", line 29, in process_spider_output
    for x in result:
  File "//anaconda/lib/python3.5/site-packages/scrapy/spidermiddlewares/referer.py", line 22, in <genexpr>
    return (_set_referer(r) for r in result or ())
  File "//anaconda/lib/python3.5/site-packages/scrapy/spidermiddlewares/urllength.py", line 37, in <genexpr>
    return (r for r in result or () if _filter(r))
  File "//anaconda/lib/python3.5/site-packages/scrapy/spidermiddlewares/depth.py", line 58, in <genexpr>
    return (r for r in result or () if _filter(r))
  File "/Users/thyun.ahn/Recruit/Recruit/spiders/recruitSpider.py", line 34, in parse_daou
    html = self.driver.find_element_by_xpath('//*').get_attribute('outerHTML')
  File "//anaconda/lib/python3.5/site-packages/selenium/webdriver/remote/webdriver.py", line 293, in find_element_by_xpath
    return self.find_element(by=By.XPATH, value=xpath)
  File "//anaconda/lib/python3.5/site-packages/selenium/webdriver/remote/webdriver.py", line 752, in find_element
    'value': value})['value']
  File "//anaconda/lib/python3.5/site-packages/selenium/webdriver/remote/webdriver.py", line 234, in execute
    response = self.command_executor.execute(driver_command, params)
  File "//anaconda/lib/python3.5/site-packages/selenium/webdriver/remote/remote_connection.py", line 408, in execute
    return self._request(command_info[0], url, body=data)
  File "//anaconda/lib/python3.5/site-packages/selenium/webdriver/remote/remote_connection.py", line 440, in _request
    resp = self._conn.getresponse()
  File "//anaconda/lib/python3.5/http/client.py", line 1174, in getresponse
    response.begin()
  File "//anaconda/lib/python3.5/http/client.py", line 282, in begin
    version, status, reason = self._read_status()
  File "//anaconda/lib/python3.5/http/client.py", line 251, in _read_status
    raise RemoteDisconnected("Remote end closed connection without"
http.client.RemoteDisconnected: Remote end closed connection without response
2017-02-13 22:21:22 [scrapy.core.engine] INFO: Closing spider (shutdown)
2017-02-13 22:21:22 [scrapy.extensions.logstats] INFO: Crawled 2 pages (at 2 pages/min), scraped 0 items (at 0 items/min)
2017-02-13 22:21:22 [scrapy.statscollectors] INFO: Dumping Scrapy stats:
{'downloader/request_bytes': 737,
 'downloader/request_count': 2,
 'downloader/request_method_count/GET': 2,
 'downloader/response_bytes': 13056,
 'downloader/response_count': 2,
 'downloader/response_status_count/200': 2,
 'finish_reason': 'shutdown',
 'finish_time': datetime.datetime(2017, 2, 13, 13, 21, 22, 210782),
 'log_count/ERROR': 1,
 'log_count/INFO': 9,
 'response_received_count': 2,
 'scheduler/dequeued': 1,
 'scheduler/dequeued/memory': 1,
 'scheduler/enqueued': 1,
 'scheduler/enqueued/memory': 1,
 'spider_exceptions/RemoteDisconnected': 1,
 'start_time': datetime.datetime(2017, 2, 13, 13, 20, 11, 607735)}
2017-02-13 22:21:22 [scrapy.core.engine] INFO: Spider closed (shutdown)
2017-02-13 22:25:39 [scrapy.utils.log] INFO: Scrapy 1.3.1 started (bot: Recruit)
2017-02-13 22:25:39 [scrapy.utils.log] INFO: Overridden settings: {'FEED_FORMAT': 'json', 'NEWSPIDER_MODULE': 'Recruit.spiders', 'LOG_FILE': 'logfile.log', 'FEED_URI': 'item.json', 'SPIDER_MODULES': ['Recruit.spiders'], 'BOT_NAME': 'Recruit', 'LOG_LEVEL': 20, 'ROBOTSTXT_OBEY': True}
2017-02-13 22:25:39 [scrapy.middleware] INFO: Enabled extensions:
['scrapy.extensions.corestats.CoreStats',
 'scrapy.extensions.logstats.LogStats',
 'scrapy.extensions.feedexport.FeedExporter',
 'scrapy.extensions.telnet.TelnetConsole']
2017-02-13 22:25:41 [scrapy.middleware] INFO: Enabled downloader middlewares:
['scrapy.downloadermiddlewares.robotstxt.RobotsTxtMiddleware',
 'scrapy.downloadermiddlewares.httpauth.HttpAuthMiddleware',
 'scrapy.downloadermiddlewares.downloadtimeout.DownloadTimeoutMiddleware',
 'scrapy.downloadermiddlewares.defaultheaders.DefaultHeadersMiddleware',
 'scrapy.downloadermiddlewares.useragent.UserAgentMiddleware',
 'scrapy.downloadermiddlewares.retry.RetryMiddleware',
 'scrapy.downloadermiddlewares.redirect.MetaRefreshMiddleware',
 'scrapy.downloadermiddlewares.httpcompression.HttpCompressionMiddleware',
 'scrapy.downloadermiddlewares.redirect.RedirectMiddleware',
 'scrapy.downloadermiddlewares.cookies.CookiesMiddleware',
 'scrapy.downloadermiddlewares.stats.DownloaderStats']
2017-02-13 22:25:41 [scrapy.middleware] INFO: Enabled spider middlewares:
['scrapy.spidermiddlewares.httperror.HttpErrorMiddleware',
 'scrapy.spidermiddlewares.offsite.OffsiteMiddleware',
 'scrapy.spidermiddlewares.referer.RefererMiddleware',
 'scrapy.spidermiddlewares.urllength.UrlLengthMiddleware',
 'scrapy.spidermiddlewares.depth.DepthMiddleware']
2017-02-13 22:25:41 [scrapy.middleware] INFO: Enabled item pipelines:
[]
2017-02-13 22:25:41 [scrapy.core.engine] INFO: Spider opened
2017-02-13 22:25:41 [scrapy.extensions.logstats] INFO: Crawled 0 pages (at 0 pages/min), scraped 0 items (at 0 items/min)
2017-02-13 22:25:47 [scrapy.core.engine] INFO: Closing spider (finished)
2017-02-13 22:25:47 [scrapy.extensions.feedexport] INFO: Stored json feed (10 items) in: item.json
2017-02-13 22:25:47 [scrapy.statscollectors] INFO: Dumping Scrapy stats:
{'downloader/request_bytes': 737,
 'downloader/request_count': 2,
 'downloader/request_method_count/GET': 2,
 'downloader/response_bytes': 13056,
 'downloader/response_count': 2,
 'downloader/response_status_count/200': 2,
 'finish_reason': 'finished',
 'finish_time': datetime.datetime(2017, 2, 13, 13, 25, 47, 588454),
 'item_scraped_count': 10,
 'log_count/INFO': 8,
 'response_received_count': 2,
 'scheduler/dequeued': 1,
 'scheduler/dequeued/memory': 1,
 'scheduler/enqueued': 1,
 'scheduler/enqueued/memory': 1,
 'start_time': datetime.datetime(2017, 2, 13, 13, 25, 41, 512308)}
2017-02-13 22:25:47 [scrapy.core.engine] INFO: Spider closed (finished)
2017-02-13 22:26:54 [scrapy.utils.log] INFO: Scrapy 1.3.1 started (bot: Recruit)
2017-02-13 22:26:54 [scrapy.utils.log] INFO: Overridden settings: {'NEWSPIDER_MODULE': 'Recruit.spiders', 'LOG_LEVEL': 20, 'SPIDER_MODULES': ['Recruit.spiders'], 'FEED_URI': 'item.json', 'ROBOTSTXT_OBEY': True, 'LOG_FILE': 'logfile.log', 'BOT_NAME': 'Recruit', 'FEED_FORMAT': 'json'}
2017-02-13 22:26:54 [scrapy.middleware] INFO: Enabled extensions:
['scrapy.extensions.logstats.LogStats',
 'scrapy.extensions.feedexport.FeedExporter',
 'scrapy.extensions.corestats.CoreStats',
 'scrapy.extensions.telnet.TelnetConsole']
2017-02-13 22:26:55 [scrapy.middleware] INFO: Enabled downloader middlewares:
['scrapy.downloadermiddlewares.robotstxt.RobotsTxtMiddleware',
 'scrapy.downloadermiddlewares.httpauth.HttpAuthMiddleware',
 'scrapy.downloadermiddlewares.downloadtimeout.DownloadTimeoutMiddleware',
 'scrapy.downloadermiddlewares.defaultheaders.DefaultHeadersMiddleware',
 'scrapy.downloadermiddlewares.useragent.UserAgentMiddleware',
 'scrapy.downloadermiddlewares.retry.RetryMiddleware',
 'scrapy.downloadermiddlewares.redirect.MetaRefreshMiddleware',
 'scrapy.downloadermiddlewares.httpcompression.HttpCompressionMiddleware',
 'scrapy.downloadermiddlewares.redirect.RedirectMiddleware',
 'scrapy.downloadermiddlewares.cookies.CookiesMiddleware',
 'scrapy.downloadermiddlewares.stats.DownloaderStats']
2017-02-13 22:26:55 [scrapy.middleware] INFO: Enabled spider middlewares:
['scrapy.spidermiddlewares.httperror.HttpErrorMiddleware',
 'scrapy.spidermiddlewares.offsite.OffsiteMiddleware',
 'scrapy.spidermiddlewares.referer.RefererMiddleware',
 'scrapy.spidermiddlewares.urllength.UrlLengthMiddleware',
 'scrapy.spidermiddlewares.depth.DepthMiddleware']
2017-02-13 22:26:55 [scrapy.middleware] INFO: Enabled item pipelines:
[]
2017-02-13 22:26:55 [scrapy.core.engine] INFO: Spider opened
2017-02-13 22:26:55 [scrapy.extensions.logstats] INFO: Crawled 0 pages (at 0 pages/min), scraped 0 items (at 0 items/min)
2017-02-13 22:27:02 [scrapy.core.engine] INFO: Closing spider (finished)
2017-02-13 22:27:02 [scrapy.extensions.feedexport] INFO: Stored json feed (10 items) in: item.json
2017-02-13 22:27:02 [scrapy.statscollectors] INFO: Dumping Scrapy stats:
{'downloader/request_bytes': 737,
 'downloader/request_count': 2,
 'downloader/request_method_count/GET': 2,
 'downloader/response_bytes': 13056,
 'downloader/response_count': 2,
 'downloader/response_status_count/200': 2,
 'finish_reason': 'finished',
 'finish_time': datetime.datetime(2017, 2, 13, 13, 27, 2, 153143),
 'item_scraped_count': 10,
 'log_count/INFO': 8,
 'response_received_count': 2,
 'scheduler/dequeued': 1,
 'scheduler/dequeued/memory': 1,
 'scheduler/enqueued': 1,
 'scheduler/enqueued/memory': 1,
 'start_time': datetime.datetime(2017, 2, 13, 13, 26, 55, 939299)}
2017-02-13 22:27:02 [scrapy.core.engine] INFO: Spider closed (finished)
2017-02-13 22:29:53 [scrapy.utils.log] INFO: Scrapy 1.3.1 started (bot: Recruit)
2017-02-13 22:29:53 [scrapy.utils.log] INFO: Overridden settings: {'FEED_FORMAT': 'json', 'LOG_LEVEL': 20, 'NEWSPIDER_MODULE': 'Recruit.spiders', 'FEED_URI': 'item.json', 'BOT_NAME': 'Recruit', 'LOG_FILE': 'logfile.log', 'ROBOTSTXT_OBEY': True, 'SPIDER_MODULES': ['Recruit.spiders']}
2017-02-13 22:29:53 [scrapy.middleware] INFO: Enabled extensions:
['scrapy.extensions.feedexport.FeedExporter',
 'scrapy.extensions.telnet.TelnetConsole',
 'scrapy.extensions.corestats.CoreStats',
 'scrapy.extensions.logstats.LogStats']
2017-02-13 22:29:55 [scrapy.middleware] INFO: Enabled downloader middlewares:
['scrapy.downloadermiddlewares.robotstxt.RobotsTxtMiddleware',
 'scrapy.downloadermiddlewares.httpauth.HttpAuthMiddleware',
 'scrapy.downloadermiddlewares.downloadtimeout.DownloadTimeoutMiddleware',
 'scrapy.downloadermiddlewares.defaultheaders.DefaultHeadersMiddleware',
 'scrapy.downloadermiddlewares.useragent.UserAgentMiddleware',
 'scrapy.downloadermiddlewares.retry.RetryMiddleware',
 'scrapy.downloadermiddlewares.redirect.MetaRefreshMiddleware',
 'scrapy.downloadermiddlewares.httpcompression.HttpCompressionMiddleware',
 'scrapy.downloadermiddlewares.redirect.RedirectMiddleware',
 'scrapy.downloadermiddlewares.cookies.CookiesMiddleware',
 'scrapy.downloadermiddlewares.stats.DownloaderStats']
2017-02-13 22:29:55 [scrapy.middleware] INFO: Enabled spider middlewares:
['scrapy.spidermiddlewares.httperror.HttpErrorMiddleware',
 'scrapy.spidermiddlewares.offsite.OffsiteMiddleware',
 'scrapy.spidermiddlewares.referer.RefererMiddleware',
 'scrapy.spidermiddlewares.urllength.UrlLengthMiddleware',
 'scrapy.spidermiddlewares.depth.DepthMiddleware']
2017-02-13 22:29:55 [scrapy.middleware] INFO: Enabled item pipelines:
[]
2017-02-13 22:29:55 [scrapy.core.engine] INFO: Spider opened
2017-02-13 22:29:55 [scrapy.extensions.logstats] INFO: Crawled 0 pages (at 0 pages/min), scraped 0 items (at 0 items/min)
2017-02-13 22:30:02 [scrapy.core.engine] INFO: Closing spider (finished)
2017-02-13 22:30:02 [scrapy.extensions.feedexport] INFO: Stored json feed (10 items) in: item.json
2017-02-13 22:30:02 [scrapy.statscollectors] INFO: Dumping Scrapy stats:
{'downloader/request_bytes': 737,
 'downloader/request_count': 2,
 'downloader/request_method_count/GET': 2,
 'downloader/response_bytes': 13056,
 'downloader/response_count': 2,
 'downloader/response_status_count/200': 2,
 'finish_reason': 'finished',
 'finish_time': datetime.datetime(2017, 2, 13, 13, 30, 2, 491958),
 'item_scraped_count': 10,
 'log_count/INFO': 8,
 'response_received_count': 2,
 'scheduler/dequeued': 1,
 'scheduler/dequeued/memory': 1,
 'scheduler/enqueued': 1,
 'scheduler/enqueued/memory': 1,
 'start_time': datetime.datetime(2017, 2, 13, 13, 29, 55, 514275)}
2017-02-13 22:30:02 [scrapy.core.engine] INFO: Spider closed (finished)
2017-02-13 22:33:38 [scrapy.utils.log] INFO: Scrapy 1.3.1 started (bot: Recruit)
2017-02-13 22:33:38 [scrapy.utils.log] INFO: Overridden settings: {'FEED_URI': 'item.json', 'LOG_FILE': 'logfile.log', 'NEWSPIDER_MODULE': 'Recruit.spiders', 'ROBOTSTXT_OBEY': True, 'SPIDER_MODULES': ['Recruit.spiders'], 'BOT_NAME': 'Recruit', 'LOG_LEVEL': 20, 'FEED_FORMAT': 'json'}
2017-02-13 22:33:38 [scrapy.middleware] INFO: Enabled extensions:
['scrapy.extensions.telnet.TelnetConsole',
 'scrapy.extensions.corestats.CoreStats',
 'scrapy.extensions.logstats.LogStats',
 'scrapy.extensions.feedexport.FeedExporter']
2017-02-13 22:33:40 [scrapy.middleware] INFO: Enabled downloader middlewares:
['scrapy.downloadermiddlewares.robotstxt.RobotsTxtMiddleware',
 'scrapy.downloadermiddlewares.httpauth.HttpAuthMiddleware',
 'scrapy.downloadermiddlewares.downloadtimeout.DownloadTimeoutMiddleware',
 'scrapy.downloadermiddlewares.defaultheaders.DefaultHeadersMiddleware',
 'scrapy.downloadermiddlewares.useragent.UserAgentMiddleware',
 'scrapy.downloadermiddlewares.retry.RetryMiddleware',
 'scrapy.downloadermiddlewares.redirect.MetaRefreshMiddleware',
 'scrapy.downloadermiddlewares.httpcompression.HttpCompressionMiddleware',
 'scrapy.downloadermiddlewares.redirect.RedirectMiddleware',
 'scrapy.downloadermiddlewares.cookies.CookiesMiddleware',
 'scrapy.downloadermiddlewares.stats.DownloaderStats']
2017-02-13 22:33:40 [scrapy.middleware] INFO: Enabled spider middlewares:
['scrapy.spidermiddlewares.httperror.HttpErrorMiddleware',
 'scrapy.spidermiddlewares.offsite.OffsiteMiddleware',
 'scrapy.spidermiddlewares.referer.RefererMiddleware',
 'scrapy.spidermiddlewares.urllength.UrlLengthMiddleware',
 'scrapy.spidermiddlewares.depth.DepthMiddleware']
2017-02-13 22:33:40 [scrapy.middleware] INFO: Enabled item pipelines:
[]
2017-02-13 22:33:40 [scrapy.core.engine] INFO: Spider opened
2017-02-13 22:33:40 [scrapy.extensions.logstats] INFO: Crawled 0 pages (at 0 pages/min), scraped 0 items (at 0 items/min)
2017-02-13 22:33:47 [scrapy.core.engine] INFO: Closing spider (finished)
2017-02-13 22:33:47 [scrapy.extensions.feedexport] INFO: Stored json feed (10 items) in: item.json
2017-02-13 22:33:47 [scrapy.statscollectors] INFO: Dumping Scrapy stats:
{'downloader/request_bytes': 737,
 'downloader/request_count': 2,
 'downloader/request_method_count/GET': 2,
 'downloader/response_bytes': 13056,
 'downloader/response_count': 2,
 'downloader/response_status_count/200': 2,
 'finish_reason': 'finished',
 'finish_time': datetime.datetime(2017, 2, 13, 13, 33, 47, 302500),
 'item_scraped_count': 10,
 'log_count/INFO': 8,
 'response_received_count': 2,
 'scheduler/dequeued': 1,
 'scheduler/dequeued/memory': 1,
 'scheduler/enqueued': 1,
 'scheduler/enqueued/memory': 1,
 'start_time': datetime.datetime(2017, 2, 13, 13, 33, 40, 801486)}
2017-02-13 22:33:47 [scrapy.core.engine] INFO: Spider closed (finished)
2017-02-13 22:37:51 [scrapy.utils.log] INFO: Scrapy 1.3.1 started (bot: Recruit)
2017-02-13 22:37:51 [scrapy.utils.log] INFO: Overridden settings: {'FEED_FORMAT': 'json', 'ROBOTSTXT_OBEY': True, 'BOT_NAME': 'Recruit', 'SPIDER_MODULES': ['Recruit.spiders'], 'NEWSPIDER_MODULE': 'Recruit.spiders', 'LOG_LEVEL': 20, 'FEED_URI': 'item.json', 'LOG_FILE': 'logfile.log'}
2017-02-13 22:37:51 [scrapy.middleware] INFO: Enabled extensions:
['scrapy.extensions.corestats.CoreStats',
 'scrapy.extensions.telnet.TelnetConsole',
 'scrapy.extensions.logstats.LogStats',
 'scrapy.extensions.feedexport.FeedExporter']
2017-02-13 22:37:53 [scrapy.middleware] INFO: Enabled downloader middlewares:
['scrapy.downloadermiddlewares.robotstxt.RobotsTxtMiddleware',
 'scrapy.downloadermiddlewares.httpauth.HttpAuthMiddleware',
 'scrapy.downloadermiddlewares.downloadtimeout.DownloadTimeoutMiddleware',
 'scrapy.downloadermiddlewares.defaultheaders.DefaultHeadersMiddleware',
 'scrapy.downloadermiddlewares.useragent.UserAgentMiddleware',
 'scrapy.downloadermiddlewares.retry.RetryMiddleware',
 'scrapy.downloadermiddlewares.redirect.MetaRefreshMiddleware',
 'scrapy.downloadermiddlewares.httpcompression.HttpCompressionMiddleware',
 'scrapy.downloadermiddlewares.redirect.RedirectMiddleware',
 'scrapy.downloadermiddlewares.cookies.CookiesMiddleware',
 'scrapy.downloadermiddlewares.stats.DownloaderStats']
2017-02-13 22:37:53 [scrapy.middleware] INFO: Enabled spider middlewares:
['scrapy.spidermiddlewares.httperror.HttpErrorMiddleware',
 'scrapy.spidermiddlewares.offsite.OffsiteMiddleware',
 'scrapy.spidermiddlewares.referer.RefererMiddleware',
 'scrapy.spidermiddlewares.urllength.UrlLengthMiddleware',
 'scrapy.spidermiddlewares.depth.DepthMiddleware']
2017-02-13 22:37:53 [scrapy.middleware] INFO: Enabled item pipelines:
[]
2017-02-13 22:37:53 [scrapy.core.engine] INFO: Spider opened
2017-02-13 22:37:53 [scrapy.extensions.logstats] INFO: Crawled 0 pages (at 0 pages/min), scraped 0 items (at 0 items/min)
2017-02-13 22:38:00 [scrapy.core.engine] INFO: Closing spider (finished)
2017-02-13 22:38:00 [scrapy.extensions.feedexport] INFO: Stored json feed (10 items) in: item.json
2017-02-13 22:38:00 [scrapy.statscollectors] INFO: Dumping Scrapy stats:
{'downloader/request_bytes': 737,
 'downloader/request_count': 2,
 'downloader/request_method_count/GET': 2,
 'downloader/response_bytes': 13056,
 'downloader/response_count': 2,
 'downloader/response_status_count/200': 2,
 'finish_reason': 'finished',
 'finish_time': datetime.datetime(2017, 2, 13, 13, 38, 0, 382030),
 'item_scraped_count': 10,
 'log_count/INFO': 8,
 'response_received_count': 2,
 'scheduler/dequeued': 1,
 'scheduler/dequeued/memory': 1,
 'scheduler/enqueued': 1,
 'scheduler/enqueued/memory': 1,
 'start_time': datetime.datetime(2017, 2, 13, 13, 37, 53, 449088)}
2017-02-13 22:38:00 [scrapy.core.engine] INFO: Spider closed (finished)
2017-02-13 22:39:05 [scrapy.utils.log] INFO: Scrapy 1.3.1 started (bot: Recruit)
2017-02-13 22:39:05 [scrapy.utils.log] INFO: Overridden settings: {'LOG_FILE': 'logfile.log', 'NEWSPIDER_MODULE': 'Recruit.spiders', 'FEED_FORMAT': 'json', 'FEED_URI': 'item.json', 'BOT_NAME': 'Recruit', 'SPIDER_MODULES': ['Recruit.spiders'], 'ROBOTSTXT_OBEY': True, 'LOG_LEVEL': 20}
2017-02-13 22:39:05 [scrapy.middleware] INFO: Enabled extensions:
['scrapy.extensions.telnet.TelnetConsole',
 'scrapy.extensions.corestats.CoreStats',
 'scrapy.extensions.logstats.LogStats',
 'scrapy.extensions.feedexport.FeedExporter']
2017-02-13 22:39:08 [scrapy.middleware] INFO: Enabled downloader middlewares:
['scrapy.downloadermiddlewares.robotstxt.RobotsTxtMiddleware',
 'scrapy.downloadermiddlewares.httpauth.HttpAuthMiddleware',
 'scrapy.downloadermiddlewares.downloadtimeout.DownloadTimeoutMiddleware',
 'scrapy.downloadermiddlewares.defaultheaders.DefaultHeadersMiddleware',
 'scrapy.downloadermiddlewares.useragent.UserAgentMiddleware',
 'scrapy.downloadermiddlewares.retry.RetryMiddleware',
 'scrapy.downloadermiddlewares.redirect.MetaRefreshMiddleware',
 'scrapy.downloadermiddlewares.httpcompression.HttpCompressionMiddleware',
 'scrapy.downloadermiddlewares.redirect.RedirectMiddleware',
 'scrapy.downloadermiddlewares.cookies.CookiesMiddleware',
 'scrapy.downloadermiddlewares.stats.DownloaderStats']
2017-02-13 22:39:08 [scrapy.middleware] INFO: Enabled spider middlewares:
['scrapy.spidermiddlewares.httperror.HttpErrorMiddleware',
 'scrapy.spidermiddlewares.offsite.OffsiteMiddleware',
 'scrapy.spidermiddlewares.referer.RefererMiddleware',
 'scrapy.spidermiddlewares.urllength.UrlLengthMiddleware',
 'scrapy.spidermiddlewares.depth.DepthMiddleware']
2017-02-13 22:39:08 [scrapy.middleware] INFO: Enabled item pipelines:
[]
2017-02-13 22:39:08 [scrapy.core.engine] INFO: Spider opened
2017-02-13 22:39:08 [scrapy.extensions.logstats] INFO: Crawled 0 pages (at 0 pages/min), scraped 0 items (at 0 items/min)
2017-02-13 22:39:14 [scrapy.core.engine] INFO: Closing spider (finished)
2017-02-13 22:39:14 [scrapy.extensions.feedexport] INFO: Stored json feed (10 items) in: item.json
2017-02-13 22:39:14 [scrapy.statscollectors] INFO: Dumping Scrapy stats:
{'downloader/request_bytes': 737,
 'downloader/request_count': 2,
 'downloader/request_method_count/GET': 2,
 'downloader/response_bytes': 13056,
 'downloader/response_count': 2,
 'downloader/response_status_count/200': 2,
 'finish_reason': 'finished',
 'finish_time': datetime.datetime(2017, 2, 13, 13, 39, 14, 717512),
 'item_scraped_count': 10,
 'log_count/INFO': 8,
 'response_received_count': 2,
 'scheduler/dequeued': 1,
 'scheduler/dequeued/memory': 1,
 'scheduler/enqueued': 1,
 'scheduler/enqueued/memory': 1,
 'start_time': datetime.datetime(2017, 2, 13, 13, 39, 8, 42017)}
2017-02-13 22:39:14 [scrapy.core.engine] INFO: Spider closed (finished)
2017-02-13 22:39:45 [scrapy.utils.log] INFO: Scrapy 1.3.1 started (bot: Recruit)
2017-02-13 22:39:45 [scrapy.utils.log] INFO: Overridden settings: {'ROBOTSTXT_OBEY': True, 'FEED_FORMAT': 'json', 'BOT_NAME': 'Recruit', 'NEWSPIDER_MODULE': 'Recruit.spiders', 'LOG_FILE': 'logfile.log', 'LOG_LEVEL': 20, 'FEED_URI': 'item.json', 'SPIDER_MODULES': ['Recruit.spiders']}
2017-02-13 22:39:45 [scrapy.middleware] INFO: Enabled extensions:
['scrapy.extensions.corestats.CoreStats',
 'scrapy.extensions.logstats.LogStats',
 'scrapy.extensions.feedexport.FeedExporter',
 'scrapy.extensions.telnet.TelnetConsole']
2017-02-13 22:39:47 [scrapy.middleware] INFO: Enabled downloader middlewares:
['scrapy.downloadermiddlewares.robotstxt.RobotsTxtMiddleware',
 'scrapy.downloadermiddlewares.httpauth.HttpAuthMiddleware',
 'scrapy.downloadermiddlewares.downloadtimeout.DownloadTimeoutMiddleware',
 'scrapy.downloadermiddlewares.defaultheaders.DefaultHeadersMiddleware',
 'scrapy.downloadermiddlewares.useragent.UserAgentMiddleware',
 'scrapy.downloadermiddlewares.retry.RetryMiddleware',
 'scrapy.downloadermiddlewares.redirect.MetaRefreshMiddleware',
 'scrapy.downloadermiddlewares.httpcompression.HttpCompressionMiddleware',
 'scrapy.downloadermiddlewares.redirect.RedirectMiddleware',
 'scrapy.downloadermiddlewares.cookies.CookiesMiddleware',
 'scrapy.downloadermiddlewares.stats.DownloaderStats']
2017-02-13 22:39:47 [scrapy.middleware] INFO: Enabled spider middlewares:
['scrapy.spidermiddlewares.httperror.HttpErrorMiddleware',
 'scrapy.spidermiddlewares.offsite.OffsiteMiddleware',
 'scrapy.spidermiddlewares.referer.RefererMiddleware',
 'scrapy.spidermiddlewares.urllength.UrlLengthMiddleware',
 'scrapy.spidermiddlewares.depth.DepthMiddleware']
2017-02-13 22:39:47 [scrapy.middleware] INFO: Enabled item pipelines:
[]
2017-02-13 22:39:47 [scrapy.core.engine] INFO: Spider opened
2017-02-13 22:39:47 [scrapy.extensions.logstats] INFO: Crawled 0 pages (at 0 pages/min), scraped 0 items (at 0 items/min)
2017-02-13 22:39:53 [scrapy.core.engine] INFO: Closing spider (finished)
2017-02-13 22:39:53 [scrapy.extensions.feedexport] INFO: Stored json feed (10 items) in: item.json
2017-02-13 22:39:53 [scrapy.statscollectors] INFO: Dumping Scrapy stats:
{'downloader/request_bytes': 737,
 'downloader/request_count': 2,
 'downloader/request_method_count/GET': 2,
 'downloader/response_bytes': 13056,
 'downloader/response_count': 2,
 'downloader/response_status_count/200': 2,
 'finish_reason': 'finished',
 'finish_time': datetime.datetime(2017, 2, 13, 13, 39, 53, 641587),
 'item_scraped_count': 10,
 'log_count/INFO': 8,
 'response_received_count': 2,
 'scheduler/dequeued': 1,
 'scheduler/dequeued/memory': 1,
 'scheduler/enqueued': 1,
 'scheduler/enqueued/memory': 1,
 'start_time': datetime.datetime(2017, 2, 13, 13, 39, 47, 558364)}
2017-02-13 22:39:53 [scrapy.core.engine] INFO: Spider closed (finished)
2017-02-13 22:40:43 [scrapy.utils.log] INFO: Scrapy 1.3.1 started (bot: Recruit)
2017-02-13 22:40:43 [scrapy.utils.log] INFO: Overridden settings: {'ROBOTSTXT_OBEY': True, 'FEED_FORMAT': 'json', 'NEWSPIDER_MODULE': 'Recruit.spiders', 'BOT_NAME': 'Recruit', 'SPIDER_MODULES': ['Recruit.spiders'], 'FEED_URI': 'item.json', 'LOG_LEVEL': 20, 'LOG_FILE': 'logfile.log'}
2017-02-13 22:40:43 [scrapy.middleware] INFO: Enabled extensions:
['scrapy.extensions.telnet.TelnetConsole',
 'scrapy.extensions.corestats.CoreStats',
 'scrapy.extensions.feedexport.FeedExporter',
 'scrapy.extensions.logstats.LogStats']
2017-02-13 22:40:46 [scrapy.middleware] INFO: Enabled downloader middlewares:
['scrapy.downloadermiddlewares.robotstxt.RobotsTxtMiddleware',
 'scrapy.downloadermiddlewares.httpauth.HttpAuthMiddleware',
 'scrapy.downloadermiddlewares.downloadtimeout.DownloadTimeoutMiddleware',
 'scrapy.downloadermiddlewares.defaultheaders.DefaultHeadersMiddleware',
 'scrapy.downloadermiddlewares.useragent.UserAgentMiddleware',
 'scrapy.downloadermiddlewares.retry.RetryMiddleware',
 'scrapy.downloadermiddlewares.redirect.MetaRefreshMiddleware',
 'scrapy.downloadermiddlewares.httpcompression.HttpCompressionMiddleware',
 'scrapy.downloadermiddlewares.redirect.RedirectMiddleware',
 'scrapy.downloadermiddlewares.cookies.CookiesMiddleware',
 'scrapy.downloadermiddlewares.stats.DownloaderStats']
2017-02-13 22:40:46 [scrapy.middleware] INFO: Enabled spider middlewares:
['scrapy.spidermiddlewares.httperror.HttpErrorMiddleware',
 'scrapy.spidermiddlewares.offsite.OffsiteMiddleware',
 'scrapy.spidermiddlewares.referer.RefererMiddleware',
 'scrapy.spidermiddlewares.urllength.UrlLengthMiddleware',
 'scrapy.spidermiddlewares.depth.DepthMiddleware']
2017-02-13 22:40:46 [scrapy.middleware] INFO: Enabled item pipelines:
[]
2017-02-13 22:40:46 [scrapy.core.engine] INFO: Spider opened
2017-02-13 22:40:46 [scrapy.extensions.logstats] INFO: Crawled 0 pages (at 0 pages/min), scraped 0 items (at 0 items/min)
2017-02-13 22:40:53 [scrapy.core.engine] INFO: Closing spider (finished)
2017-02-13 22:40:53 [scrapy.extensions.feedexport] INFO: Stored json feed (10 items) in: item.json
2017-02-13 22:40:53 [scrapy.statscollectors] INFO: Dumping Scrapy stats:
{'downloader/request_bytes': 737,
 'downloader/request_count': 2,
 'downloader/request_method_count/GET': 2,
 'downloader/response_bytes': 13056,
 'downloader/response_count': 2,
 'downloader/response_status_count/200': 2,
 'finish_reason': 'finished',
 'finish_time': datetime.datetime(2017, 2, 13, 13, 40, 53, 703021),
 'item_scraped_count': 10,
 'log_count/INFO': 8,
 'response_received_count': 2,
 'scheduler/dequeued': 1,
 'scheduler/dequeued/memory': 1,
 'scheduler/enqueued': 1,
 'scheduler/enqueued/memory': 1,
 'start_time': datetime.datetime(2017, 2, 13, 13, 40, 46, 28976)}
2017-02-13 22:40:53 [scrapy.core.engine] INFO: Spider closed (finished)
2017-02-13 22:44:09 [scrapy.utils.log] INFO: Scrapy 1.3.1 started (bot: Recruit)
2017-02-13 22:44:09 [scrapy.utils.log] INFO: Overridden settings: {'ROBOTSTXT_OBEY': True, 'LOG_FILE': 'logfile.log', 'BOT_NAME': 'Recruit', 'FEED_FORMAT': 'json', 'FEED_URI': 'item.json', 'NEWSPIDER_MODULE': 'Recruit.spiders', 'LOG_LEVEL': 20, 'SPIDER_MODULES': ['Recruit.spiders']}
2017-02-13 22:44:09 [scrapy.middleware] INFO: Enabled extensions:
['scrapy.extensions.logstats.LogStats',
 'scrapy.extensions.corestats.CoreStats',
 'scrapy.extensions.telnet.TelnetConsole',
 'scrapy.extensions.feedexport.FeedExporter']
2017-02-13 22:44:12 [scrapy.middleware] INFO: Enabled downloader middlewares:
['scrapy.downloadermiddlewares.robotstxt.RobotsTxtMiddleware',
 'scrapy.downloadermiddlewares.httpauth.HttpAuthMiddleware',
 'scrapy.downloadermiddlewares.downloadtimeout.DownloadTimeoutMiddleware',
 'scrapy.downloadermiddlewares.defaultheaders.DefaultHeadersMiddleware',
 'scrapy.downloadermiddlewares.useragent.UserAgentMiddleware',
 'scrapy.downloadermiddlewares.retry.RetryMiddleware',
 'scrapy.downloadermiddlewares.redirect.MetaRefreshMiddleware',
 'scrapy.downloadermiddlewares.httpcompression.HttpCompressionMiddleware',
 'scrapy.downloadermiddlewares.redirect.RedirectMiddleware',
 'scrapy.downloadermiddlewares.cookies.CookiesMiddleware',
 'scrapy.downloadermiddlewares.stats.DownloaderStats']
2017-02-13 22:44:12 [scrapy.middleware] INFO: Enabled spider middlewares:
['scrapy.spidermiddlewares.httperror.HttpErrorMiddleware',
 'scrapy.spidermiddlewares.offsite.OffsiteMiddleware',
 'scrapy.spidermiddlewares.referer.RefererMiddleware',
 'scrapy.spidermiddlewares.urllength.UrlLengthMiddleware',
 'scrapy.spidermiddlewares.depth.DepthMiddleware']
2017-02-13 22:44:12 [scrapy.middleware] INFO: Enabled item pipelines:
[]
2017-02-13 22:44:12 [scrapy.core.engine] INFO: Spider opened
2017-02-13 22:44:12 [scrapy.extensions.logstats] INFO: Crawled 0 pages (at 0 pages/min), scraped 0 items (at 0 items/min)
2017-02-13 22:44:18 [scrapy.core.engine] INFO: Closing spider (finished)
2017-02-13 22:44:18 [scrapy.extensions.feedexport] INFO: Stored json feed (10 items) in: item.json
2017-02-13 22:44:18 [scrapy.statscollectors] INFO: Dumping Scrapy stats:
{'downloader/request_bytes': 737,
 'downloader/request_count': 2,
 'downloader/request_method_count/GET': 2,
 'downloader/response_bytes': 13056,
 'downloader/response_count': 2,
 'downloader/response_status_count/200': 2,
 'finish_reason': 'finished',
 'finish_time': datetime.datetime(2017, 2, 13, 13, 44, 18, 805547),
 'item_scraped_count': 10,
 'log_count/INFO': 8,
 'response_received_count': 2,
 'scheduler/dequeued': 1,
 'scheduler/dequeued/memory': 1,
 'scheduler/enqueued': 1,
 'scheduler/enqueued/memory': 1,
 'start_time': datetime.datetime(2017, 2, 13, 13, 44, 12, 744570)}
2017-02-13 22:44:18 [scrapy.core.engine] INFO: Spider closed (finished)
